<?xml version="1.0" encoding="UTF-8"?>
<testsuite name="dev.flagr.sdk.FlagrProviderTest" tests="4" skipped="0" failures="0" errors="0" timestamp="2026-03-19T04:53:14" hostname="MacBookPro.attlocal.net" time="0.962">
  <properties/>
  <testcase name="partial rollout via OpenFeature context()" classname="dev.flagr.sdk.FlagrProviderTest" time="0.329"/>
  <testcase name="getBooleanEvaluation returns default for unknown flag()" classname="dev.flagr.sdk.FlagrProviderTest" time="0.309"/>
  <testcase name="getBooleanEvaluation returns correct value()" classname="dev.flagr.sdk.FlagrProviderTest" time="0.316"/>
  <testcase name="metadata name is flagr()" classname="dev.flagr.sdk.FlagrProviderTest" time="0.006"/>
  <system-out><![CDATA[]]></system-out>
  <system-err><![CDATA[SLF4J(W): No SLF4J providers were found.
SLF4J(W): Defaulting to no-operation (NOP) logger implementation
SLF4J(W): See https://www.slf4j.org/codes.html#noProviders for further details.
]]></system-err>
</testsuite>
